[35m[Appium][39m Welcome to Appium v2.5.1 (REV 5127b0453852571447daa1908ee7491ee3d1d68f)
[35m[Appium][39m Non-default server args:
[35m[Appium][39m { basePath: [32m'/wd/hub'[39m, loglevel: [32m'info'[39m, port: [33m62974[39m }
[35m[Appium][39m Attempting to load driver uiautomator2...
[35m[Appium][39m Attempting to load driver xcuitest...
[35m[Appium][39m Appium REST http interface listener started on http://0.0.0.0:62974/wd/hub
[35m[Appium][39m You can provide the following URLs in your client code to connect to this server:
[35m[Appium][39m 	http://172.27.48.1:62974/wd/hub
[35m[Appium][39m 	http://192.168.235.196:62974/wd/hub
[35m[Appium][39m 	http://127.0.0.1:62974/wd/hub (only accessible from the same host)
[35m[Appium][39m Available drivers:
[35m[Appium][39m   - uiautomator2@3.0.0 (automationName 'UiAutomator2')
[35m[Appium][39m   - xcuitest@7.1.0 (automationName 'XCUITest')
[35m[Appium][39m No plugins have been installed. Use the "appium plugin" command to install the one(s) you want to use.
[38;5;0m[HTTP][0m [37m-->[39m [37mGET[39m [37m/wd/hub/status[39m
[38;5;0m[HTTP][0m [90m{}[39m
[38;5;0m[HTTP][0m [37m<-- GET /wd/hub/status [39m[32m200[39m [90m20 ms - 199[39m
[38;5;0m[HTTP][0m [90m[39m
[38;5;0m[HTTP][0m [37m-->[39m [37mGET[39m [37m/wd/hub/status[39m
[38;5;0m[HTTP][0m [90m{}[39m
[38;5;0m[HTTP][0m [37m<-- GET /wd/hub/status [39m[32m200[39m [90m4 ms - 199[39m
[38;5;0m[HTTP][0m [90m[39m
[38;5;0m[HTTP][0m [37m-->[39m [37mPOST[39m [37m/wd/hub/session[39m
[38;5;0m[HTTP][0m [90m{"desiredCapabilities":{"appium:systemPort":8231,"appium:udid":"RR8R30BKMKV","appium:autoGrantPermissions":true,"appium:newCommandTimeout":1800,"appium:platformName":"ANDROID","appium:appActivity":".Settings","appium:deviceName":"samsung SM-A125F (Android 10)","platformName":"Android","appium:automationName":"uiautomator2","appium:platformVersion":"10","appium:appPackage":"com.android.settings"},"capabilities":{"firstMatch":[{"appium:appActivity":".Settings","appium:appPackage":"com.android.settings","appium:autoGrantPermissions":true,"appium:automationName":"uiautomator2","appium:deviceName":"samsung SM-A125F (Android 10)","appium:newCommandTimeout":1800,"appium:platformName":"ANDROID","appium:platformVersion":"10","appium:systemPort":8231,"appium:udid":"RR8R30BKMKV","platformName":"android"}]}}[39m
[38;5;32m[BaseDriver][0m Ignoring capability 'appium:platformName=ANDROID' and using capability 'platformName=android'
[38;5;32m[BaseDriver][0m The capabilities ["platformName"] are standard capabilities and do not require "appium:" prefix
[35m[Appium][39m Attempting to find matching driver for automationName 'uiautomator2' and platformName 'android'
[35m[Appium][39m The 'uiautomator2' driver was installed and matched caps.
[35m[Appium][39m Will require it at C:\Users\katob\.appium\node_modules\appium-uiautomator2-driver
[38;5;16m[AppiumDriver@3241][0m Appium v2.5.1 creating new AndroidUiautomator2Driver (v3.0.0) session
[38;5;16m[AppiumDriver@3241][0m Checking BaseDriver versions for Appium and AndroidUiautomator2Driver
[38;5;16m[AppiumDriver@3241][0m Appium's BaseDriver version is 9.5.2
[38;5;16m[AppiumDriver@3241][0m AndroidUiautomator2Driver's BaseDriver version is 9.5.2
[38;5;48m[AndroidUiautomator2Driver@21a0 (87fc83f8)][0m Session created with session id: 87fc83f8-72de-40bb-b4bf-2ff8e26b82a0
[38;5;64m[ADB][0m Found 1 'build-tools' folders under 'C:\Users\katob\.katalon\tools\android_sdk' (newest first):
[38;5;64m[ADB][0m     C:\Users\katob\.katalon\tools\android_sdk\build-tools\29.0.3
[38;5;64m[ADB][0m Using 'adb.exe' from 'C:\Users\katob\.katalon\tools\android_sdk\platform-tools\adb.exe'
[38;5;48m[AndroidUiautomator2Driver@21a0 (87fc83f8)][0m Retrieving device list
[38;5;48m[AndroidUiautomator2Driver@21a0 (87fc83f8)][0m Using device: RR8R30BKMKV
[38;5;64m[ADB][0m Using 'adb.exe' from 'C:\Users\katob\.katalon\tools\android_sdk\platform-tools\adb.exe'
[38;5;48m[AndroidUiautomator2Driver@21a0 (87fc83f8)][0m Starting 'com.android.settings' directly on the device
[38;5;64m[ADB][0m Getting device platform version
[38;5;48m[AndroidUiautomator2Driver@21a0 (87fc83f8)][0m Relaxing hidden api policy
[38;5;48m[AndroidUiautomator2Driver@21a0 (87fc83f8)][0m No app sent in, not parsing package/activity
[38;5;64m[ADB][0m Using 'apksigner.jar' from 'C:\Users\katob\.katalon\tools\android_sdk\build-tools\29.0.3\lib\apksigner.jar'
[38;5;64m[ADB][0m 'C:\Users\katob\.appium\node_modules\appium-uiautomator2-driver\node_modules\appium-uiautomator2-server\apks\appium-uiautomator2-server-debug-androidTest.apk' is signed with the default certificate
[38;5;64m[ADB][0m 'C:\Users\katob\.appium\node_modules\appium-uiautomator2-driver\node_modules\appium-uiautomator2-server\apks\appium-uiautomator2-server-v7.0.0.apk' is signed with the default certificate
[38;5;48m[AndroidUiautomator2Driver@21a0 (87fc83f8)][0m Server packages are not going to be (re)installed
[38;5;64m[ADB][0m Adding packages ["io.appium.settings","io.appium.uiautomator2.server","io.appium.uiautomator2.server.test"] to Doze whitelist
[38;5;48m[AndroidUiautomator2Driver@21a0 (87fc83f8)][0m Starting UIAutomator2 server 7.0.0
[38;5;48m[AndroidUiautomator2Driver@21a0 (87fc83f8)][0m Using UIAutomator2 server from 'C:\Users\katob\.appium\node_modules\appium-uiautomator2-driver\node_modules\appium-uiautomator2-server\apks\appium-uiautomator2-server-v7.0.0.apk' and test from 'C:\Users\katob\.appium\node_modules\appium-uiautomator2-driver\node_modules\appium-uiautomator2-server\apks\appium-uiautomator2-server-debug-androidTest.apk'
[38;5;48m[AndroidUiautomator2Driver@21a0 (87fc83f8)][0m Waiting up to 30000ms for UiAutomator2 to be online...
[38;5;48m[AndroidUiautomator2Driver@21a0 (87fc83f8)][0m socket hang up
[38;5;48m[AndroidUiautomator2Driver@21a0 (87fc83f8)][0m socket hang up
[38;5;48m[AndroidUiautomator2Driver@21a0 (87fc83f8)][0m socket hang up
[38;5;48m[AndroidUiautomator2Driver@21a0 (87fc83f8)][0m socket hang up
[38;5;48m[AndroidUiautomator2Driver@21a0 (87fc83f8)][0m Determined the downstream protocol as 'W3C'
[38;5;48m[AndroidUiautomator2Driver@21a0 (87fc83f8)][0m Screen already unlocked, doing nothing
[38;5;48m[AndroidUiautomator2Driver@21a0 (87fc83f8)][0m Starting 'com.android.settings/.Settings and waiting for 'com.android.settings/.Settings'
[38;5;16m[AppiumDriver@3241][0m New AndroidUiautomator2Driver session created successfully, session 87fc83f8-72de-40bb-b4bf-2ff8e26b82a0 added to master session list
[38;5;0m[HTTP][0m [37m<-- POST /wd/hub/session [39m[32m200[39m [90m20731 ms - 1085[39m
[38;5;0m[HTTP][0m [90m[39m
[38;5;0m[HTTP][0m [37m-->[39m [37mGET[39m [37m/wd/hub/session/87fc83f8-72de-40bb-b4bf-2ff8e26b82a0[39m
[38;5;0m[HTTP][0m [90m{}[39m
[38;5;0m[HTTP][0m [37m<-- GET /wd/hub/session/87fc83f8-72de-40bb-b4bf-2ff8e26b82a0 [39m[32m200[39m [90m93 ms - 312[39m
[38;5;0m[HTTP][0m [90m[39m
[38;5;0m[HTTP][0m [37m-->[39m [37mGET[39m [37m/wd/hub/session/87fc83f8-72de-40bb-b4bf-2ff8e26b82a0[39m
[38;5;0m[HTTP][0m [90m{}[39m
[38;5;0m[HTTP][0m [37m<-- GET /wd/hub/session/87fc83f8-72de-40bb-b4bf-2ff8e26b82a0 [39m[32m200[39m [90m106 ms - 312[39m
[38;5;0m[HTTP][0m [90m[39m
[38;5;0m[HTTP][0m [37m-->[39m [37mGET[39m [37m/wd/hub/status[39m
[38;5;0m[HTTP][0m [90m{}[39m
[38;5;0m[HTTP][0m [37m<-- GET /wd/hub/status [39m[32m200[39m [90m8 ms - 199[39m
[38;5;0m[HTTP][0m [90m[39m
[38;5;0m[HTTP][0m [37m-->[39m [37mPOST[39m [37m/wd/hub/session/87fc83f8-72de-40bb-b4bf-2ff8e26b82a0/timeouts[39m
[38;5;0m[HTTP][0m [90m{"implicit":60000}[39m
[38;5;0m[HTTP][0m [37m<-- POST /wd/hub/session/87fc83f8-72de-40bb-b4bf-2ff8e26b82a0/timeouts [39m[32m200[39m [90m14 ms - 14[39m
[38;5;0m[HTTP][0m [90m[39m
[38;5;0m[HTTP][0m [37m-->[39m [37mGET[39m [37m/wd/hub/session/87fc83f8-72de-40bb-b4bf-2ff8e26b82a0/appium/device/system_bars[39m
[38;5;0m[HTTP][0m [90m{}[39m
[38;5;0m[HTTP][0m [37m<-- GET /wd/hub/session/87fc83f8-72de-40bb-b4bf-2ff8e26b82a0/appium/device/system_bars [39m[32m200[39m [90m425 ms - 148[39m
[38;5;0m[HTTP][0m [90m[39m
[38;5;0m[HTTP][0m [37m-->[39m [37mPOST[39m [37m/wd/hub/session/87fc83f8-72de-40bb-b4bf-2ff8e26b82a0/appium/device/activate_app[39m
[38;5;0m[HTTP][0m [90m{"bundleId":"co.tapcart.app.id_gCATITBKZP"}[39m
[38;5;0m[HTTP][0m [37m<-- POST /wd/hub/session/87fc83f8-72de-40bb-b4bf-2ff8e26b82a0/appium/device/activate_app [39m[32m200[39m [90m846 ms - 14[39m
[38;5;0m[HTTP][0m [90m[39m
[38;5;0m[HTTP][0m [37m-->[39m [37mGET[39m [37m/wd/hub/session/87fc83f8-72de-40bb-b4bf-2ff8e26b82a0/source[39m
[38;5;0m[HTTP][0m [90m{}[39m
[38;5;48m[AndroidUiautomator2Driver@21a0 (87fc83f8)][0m Driver proxy active, passing request on via HTTP proxy
[38;5;48m[AndroidUiautomator2Driver@21a0 (87fc83f8)][0m Replacing sessionId 591e0c10-7018-4c9c-aee6-3f7e3ed0ee73 with 87fc83f8-72de-40bb-b4bf-2ff8e26b82a0
[38;5;0m[HTTP][0m [37m<-- GET /wd/hub/session/87fc83f8-72de-40bb-b4bf-2ff8e26b82a0/source [39m[32m200[39m [90m2009 ms - 5640[39m
[38;5;0m[HTTP][0m [90m[39m
[38;5;0m[HTTP][0m [37m-->[39m [37mGET[39m [37m/wd/hub/session/87fc83f8-72de-40bb-b4bf-2ff8e26b82a0/screenshot[39m
[38;5;0m[HTTP][0m [90m{}[39m
[38;5;0m[HTTP][0m [37m<-- GET /wd/hub/session/87fc83f8-72de-40bb-b4bf-2ff8e26b82a0/screenshot [39m[32m200[39m [90m674 ms - 71164[39m
[38;5;0m[HTTP][0m [90m[39m
[38;5;0m[HTTP][0m [37m-->[39m [37mGET[39m [37m/wd/hub/session/87fc83f8-72de-40bb-b4bf-2ff8e26b82a0/source[39m
[38;5;0m[HTTP][0m [90m{}[39m
[38;5;48m[AndroidUiautomator2Driver@21a0 (87fc83f8)][0m Driver proxy active, passing request on via HTTP proxy
[38;5;48m[AndroidUiautomator2Driver@21a0 (87fc83f8)][0m Replacing sessionId 591e0c10-7018-4c9c-aee6-3f7e3ed0ee73 with 87fc83f8-72de-40bb-b4bf-2ff8e26b82a0
[38;5;0m[HTTP][0m [37m<-- GET /wd/hub/session/87fc83f8-72de-40bb-b4bf-2ff8e26b82a0/source [39m[32m200[39m [90m773 ms - 48272[39m
[38;5;0m[HTTP][0m [90m[39m
[38;5;0m[HTTP][0m [37m-->[39m [37mGET[39m [37m/wd/hub/session/87fc83f8-72de-40bb-b4bf-2ff8e26b82a0/screenshot[39m
[38;5;0m[HTTP][0m [90m{}[39m
[38;5;0m[HTTP][0m [37m<-- GET /wd/hub/session/87fc83f8-72de-40bb-b4bf-2ff8e26b82a0/screenshot [39m[32m200[39m [90m1618 ms - 940188[39m
[38;5;0m[HTTP][0m [90m[39m
[38;5;0m[HTTP][0m [37m-->[39m [37mGET[39m [37m/wd/hub/session/87fc83f8-72de-40bb-b4bf-2ff8e26b82a0/source[39m
[38;5;0m[HTTP][0m [90m{}[39m
[38;5;48m[AndroidUiautomator2Driver@21a0 (87fc83f8)][0m Driver proxy active, passing request on via HTTP proxy
[38;5;48m[AndroidUiautomator2Driver@21a0 (87fc83f8)][0m Replacing sessionId 591e0c10-7018-4c9c-aee6-3f7e3ed0ee73 with 87fc83f8-72de-40bb-b4bf-2ff8e26b82a0
[38;5;0m[HTTP][0m [37m<-- GET /wd/hub/session/87fc83f8-72de-40bb-b4bf-2ff8e26b82a0/source [39m[32m200[39m [90m474 ms - 23566[39m
[38;5;0m[HTTP][0m [90m[39m
[38;5;0m[HTTP][0m [37m-->[39m [37mGET[39m [37m/wd/hub/session/87fc83f8-72de-40bb-b4bf-2ff8e26b82a0/screenshot[39m
[38;5;0m[HTTP][0m [90m{}[39m
[38;5;0m[HTTP][0m [37m<-- GET /wd/hub/session/87fc83f8-72de-40bb-b4bf-2ff8e26b82a0/screenshot [39m[32m200[39m [90m878 ms - 464644[39m
[38;5;0m[HTTP][0m [90m[39m
[38;5;0m[HTTP][0m [37m-->[39m [37mPOST[39m [37m/wd/hub/session/87fc83f8-72de-40bb-b4bf-2ff8e26b82a0/elements[39m
[38;5;0m[HTTP][0m [90m{"using":"xpath","value":"//*[@class = 'android.widget.Button' and (@text = 'TAMBAH KE TAS' or . = 'TAMBAH KE TAS') and @resource-id = 'co.tapcart.app.id_gCATITBKZP.productdetails:id/addToCartButton']"}[39m
[38;5;0m[HTTP][0m [37m<-- POST /wd/hub/session/87fc83f8-72de-40bb-b4bf-2ff8e26b82a0/elements [39m[32m200[39m [90m1143 ms - 139[39m
[38;5;0m[HTTP][0m [90m[39m
[38;5;0m[HTTP][0m [37m-->[39m [37mGET[39m [37m/wd/hub/session/87fc83f8-72de-40bb-b4bf-2ff8e26b82a0/source[39m
[38;5;0m[HTTP][0m [90m{}[39m
[38;5;48m[AndroidUiautomator2Driver@21a0 (87fc83f8)][0m Driver proxy active, passing request on via HTTP proxy
[38;5;48m[AndroidUiautomator2Driver@21a0 (87fc83f8)][0m Replacing sessionId 591e0c10-7018-4c9c-aee6-3f7e3ed0ee73 with 87fc83f8-72de-40bb-b4bf-2ff8e26b82a0
[38;5;0m[HTTP][0m [37m<-- GET /wd/hub/session/87fc83f8-72de-40bb-b4bf-2ff8e26b82a0/source [39m[32m200[39m [90m521 ms - 38921[39m
[38;5;0m[HTTP][0m [90m[39m
[38;5;0m[HTTP][0m [37m-->[39m [37mGET[39m [37m/wd/hub/session/87fc83f8-72de-40bb-b4bf-2ff8e26b82a0/screenshot[39m
[38;5;0m[HTTP][0m [90m{}[39m
[38;5;0m[HTTP][0m [37m<-- GET /wd/hub/session/87fc83f8-72de-40bb-b4bf-2ff8e26b82a0/screenshot [39m[32m200[39m [90m878 ms - 531588[39m
[38;5;0m[HTTP][0m [90m[39m
[38;5;0m[HTTP][0m [37m-->[39m [37mGET[39m [37m/wd/hub/session/87fc83f8-72de-40bb-b4bf-2ff8e26b82a0/source[39m
[38;5;0m[HTTP][0m [90m{}[39m
[38;5;48m[AndroidUiautomator2Driver@21a0 (87fc83f8)][0m Driver proxy active, passing request on via HTTP proxy
[38;5;48m[AndroidUiautomator2Driver@21a0 (87fc83f8)][0m Replacing sessionId 591e0c10-7018-4c9c-aee6-3f7e3ed0ee73 with 87fc83f8-72de-40bb-b4bf-2ff8e26b82a0
[38;5;0m[HTTP][0m [37m<-- GET /wd/hub/session/87fc83f8-72de-40bb-b4bf-2ff8e26b82a0/source [39m[32m200[39m [90m529 ms - 38921[39m
[38;5;0m[HTTP][0m [90m[39m
[38;5;0m[HTTP][0m [37m-->[39m [37mGET[39m [37m/wd/hub/session/87fc83f8-72de-40bb-b4bf-2ff8e26b82a0/screenshot[39m
[38;5;0m[HTTP][0m [90m{}[39m
[38;5;0m[HTTP][0m [37m<-- GET /wd/hub/session/87fc83f8-72de-40bb-b4bf-2ff8e26b82a0/screenshot [39m[32m200[39m [90m1001 ms - 531688[39m
[38;5;0m[HTTP][0m [90m[39m
[38;5;0m[HTTP][0m [37m-->[39m [37mGET[39m [37m/wd/hub/session/87fc83f8-72de-40bb-b4bf-2ff8e26b82a0/source[39m
[38;5;0m[HTTP][0m [90m{}[39m
[38;5;48m[AndroidUiautomator2Driver@21a0 (87fc83f8)][0m Driver proxy active, passing request on via HTTP proxy
[38;5;48m[AndroidUiautomator2Driver@21a0 (87fc83f8)][0m Replacing sessionId 591e0c10-7018-4c9c-aee6-3f7e3ed0ee73 with 87fc83f8-72de-40bb-b4bf-2ff8e26b82a0
[38;5;0m[HTTP][0m [37m<-- GET /wd/hub/session/87fc83f8-72de-40bb-b4bf-2ff8e26b82a0/source [39m[32m200[39m [90m315 ms - 23566[39m
[38;5;0m[HTTP][0m [90m[39m
[38;5;0m[HTTP][0m [37m-->[39m [37mGET[39m [37m/wd/hub/session/87fc83f8-72de-40bb-b4bf-2ff8e26b82a0/screenshot[39m
[38;5;0m[HTTP][0m [90m{}[39m
[38;5;0m[HTTP][0m [37m<-- GET /wd/hub/session/87fc83f8-72de-40bb-b4bf-2ff8e26b82a0/screenshot [39m[32m200[39m [90m864 ms - 463336[39m
[38;5;0m[HTTP][0m [90m[39m
[38;5;0m[HTTP][0m [37m-->[39m [37mDELETE[39m [37m/wd/hub/session/87fc83f8-72de-40bb-b4bf-2ff8e26b82a0[39m
[38;5;0m[HTTP][0m [90m{}[39m
[38;5;16m[AppiumDriver@3241][0m Removing session 87fc83f8-72de-40bb-b4bf-2ff8e26b82a0 from our master session list
[38;5;48m[AndroidUiautomator2Driver@21a0 (87fc83f8)][0m Restoring hidden api policy to the device default configuration
